<?xml version="1.0" encoding="UTF-8"?>
<testsuite name="org.Calculadora.TestModulo" tests="1" skipped="0" failures="0" errors="0" timestamp="2025-02-11T09:28:48" hostname="DESKTOP-FHPTLFQ" time="0.068">
  <properties/>
  <testcase name="calculoModulo()" classname="org.Calculadora.TestModulo" time="0.068"/>
  <system-out><![CDATA[]]></system-out>
  <system-err><![CDATA[]]></system-err>
</testsuite>
