<?xml version="1.0" encoding="UTF-8"?>
<testsuite name="org.Calculadora.TestResta" tests="1" skipped="0" failures="0" errors="0" timestamp="2025-02-10T20:32:36" hostname="LAPTOP-GJK29C1R" time="0.039">
  <properties/>
  <testcase name="restaTresReales()" classname="org.Calculadora.TestResta" time="0.039"/>
  <system-out><![CDATA[]]></system-out>
  <system-err><![CDATA[]]></system-err>
</testsuite>
